2019-03-30 11:58:21.863  INFO [my-money-app,,,] 2791 --- [restartedMain] com.mymoneyapp.backend.Application       : No active profile set, falling back to default profiles: default
2019-03-30 11:58:21.937  INFO [my-money-app,,,] 2791 --- [restartedMain] ConfigServletWebServerApplicationContext : Refreshing org.springframework.boot.web.servlet.context.AnnotationConfigServletWebServerApplicationContext@b522b2: startup date [Sat Mar 30 11:58:21 BRT 2019]; parent: org.springframework.context.annotation.AnnotationConfigApplicationContext@34599a26
2019-03-30 11:58:27.094  INFO [my-money-app,,,] 2791 --- [restartedMain] o.s.b.f.s.DefaultListableBeanFactory     : Overriding bean definition for bean 'dataSource' with a different definition: replacing [Root bean: class [null]; scope=refresh; abstract=false; lazyInit=false; autowireMode=3; dependencyCheck=0; autowireCandidate=false; primary=false; factoryBeanName=org.springframework.boot.autoconfigure.jdbc.DataSourceConfiguration$Hikari; factoryMethodName=dataSource; initMethodName=null; destroyMethodName=(inferred); defined in class path resource [org/springframework/boot/autoconfigure/jdbc/DataSourceConfiguration$Hikari.class]] with [Root bean: class [org.springframework.aop.scope.ScopedProxyFactoryBean]; scope=; abstract=false; lazyInit=false; autowireMode=0; dependencyCheck=0; autowireCandidate=true; primary=false; factoryBeanName=null; factoryMethodName=null; initMethodName=null; destroyMethodName=null; defined in BeanDefinition defined in class path resource [org/springframework/boot/autoconfigure/jdbc/DataSourceConfiguration$Hikari.class]]
2019-03-30 11:58:28.153  INFO [my-money-app,,,] 2791 --- [restartedMain] o.s.cloud.context.scope.GenericScope     : BeanFactory id=54b6771b-28ce-379e-86cf-6c84b3351e45
2019-03-30 11:58:28.276  INFO [my-money-app,,,] 2791 --- [restartedMain] f.a.AutowiredAnnotationBeanPostProcessor : JSR-330 'javax.inject.Inject' annotation found and supported for autowiring
2019-03-30 11:58:29.686  INFO [my-money-app,,,] 2791 --- [restartedMain] trationDelegate$BeanPostProcessorChecker : Bean 'org.springframework.transaction.annotation.ProxyTransactionManagementConfiguration' of type [org.springframework.transaction.annotation.ProxyTransactionManagementConfiguration$$EnhancerBySpringCGLIB$$190a9a43] is not eligible for getting processed by all BeanPostProcessors (for example: not eligible for auto-proxying)
2019-03-30 11:58:29.934  INFO [my-money-app,,,] 2791 --- [restartedMain] trationDelegate$BeanPostProcessorChecker : Bean 'org.springframework.cloud.autoconfigure.ConfigurationPropertiesRebinderAutoConfiguration' of type [org.springframework.cloud.autoconfigure.ConfigurationPropertiesRebinderAutoConfiguration$$EnhancerBySpringCGLIB$$35249d40] is not eligible for getting processed by all BeanPostProcessors (for example: not eligible for auto-proxying)
2019-03-30 11:58:29.995  INFO [my-money-app,,,] 2791 --- [restartedMain] trationDelegate$BeanPostProcessorChecker : Bean 'org.springframework.cloud.sleuth.instrument.web.client.TraceWebClientAutoConfiguration$TraceOAuthConfiguration' of type [org.springframework.cloud.sleuth.instrument.web.client.TraceWebClientAutoConfiguration$TraceOAuthConfiguration$$EnhancerBySpringCGLIB$$5e072ca2] is not eligible for getting processed by all BeanPostProcessors (for example: not eligible for auto-proxying)
2019-03-30 11:58:32.390  INFO [my-money-app,,,] 2791 --- [restartedMain] o.s.b.w.embedded.tomcat.TomcatWebServer  : Tomcat initialized with port(s): 1800 (http)
2019-03-30 11:58:32.488  INFO [my-money-app,,,] 2791 --- [restartedMain] o.apache.catalina.core.StandardService   : Starting service [Tomcat]
2019-03-30 11:58:32.489  INFO [my-money-app,,,] 2791 --- [restartedMain] org.apache.catalina.core.StandardEngine  : Starting Servlet Engine: Apache Tomcat/8.5.34
2019-03-30 11:58:32.544  INFO [my-money-app,,,] 2791 --- [localhost-startStop-1] o.a.catalina.core.AprLifecycleListener   : The APR based Apache Tomcat Native library which allows optimal performance in production environments was not found on the java.library.path: [/usr/java/packages/lib/amd64:/usr/lib64:/lib64:/lib:/usr/lib]
2019-03-30 11:58:32.979  INFO [my-money-app,,,] 2791 --- [localhost-startStop-1] o.a.c.c.C.[Tomcat].[localhost].[/]       : Initializing Spring embedded WebApplicationContext
2019-03-30 11:58:32.980  INFO [my-money-app,,,] 2791 --- [localhost-startStop-1] o.s.web.context.ContextLoader            : Root WebApplicationContext: initialization completed in 11043 ms
2019-03-30 11:58:35.528  INFO [my-money-app,,,] 2791 --- [localhost-startStop-1] o.s.aop.framework.CglibAopProxy          : Method [void com.zaxxer.hikari.HikariConfig.seal()] is package-visible across different ClassLoaders and cannot get proxied via CGLIB: Declare this method as public or protected if you need to support invocations through the proxy.
2019-03-30 11:58:37.626  INFO [my-money-app,,,] 2791 --- [localhost-startStop-1] o.s.b.w.servlet.FilterRegistrationBean   : Mapping filter: 'characterEncodingFilter' to: [/*]
2019-03-30 11:58:37.628  INFO [my-money-app,,,] 2791 --- [localhost-startStop-1] o.s.b.w.servlet.FilterRegistrationBean   : Mapping filter: 'webMvcMetricsFilter' to: [/*]
2019-03-30 11:58:37.628  INFO [my-money-app,,,] 2791 --- [localhost-startStop-1] o.s.b.w.servlet.FilterRegistrationBean   : Mapping filter: 'tracingFilter' to: [/*]
2019-03-30 11:58:37.629  INFO [my-money-app,,,] 2791 --- [localhost-startStop-1] o.s.b.w.servlet.FilterRegistrationBean   : Mapping filter: 'exceptionLoggingFilter' to: [/*]
2019-03-30 11:58:37.629  INFO [my-money-app,,,] 2791 --- [localhost-startStop-1] o.s.b.w.servlet.FilterRegistrationBean   : Mapping filter: 'hiddenHttpMethodFilter' to: [/*]
2019-03-30 11:58:37.629  INFO [my-money-app,,,] 2791 --- [localhost-startStop-1] o.s.b.w.servlet.FilterRegistrationBean   : Mapping filter: 'httpPutFormContentFilter' to: [/*]
2019-03-30 11:58:37.630  INFO [my-money-app,,,] 2791 --- [localhost-startStop-1] o.s.b.w.servlet.FilterRegistrationBean   : Mapping filter: 'requestContextFilter' to: [/*]
2019-03-30 11:58:37.631  INFO [my-money-app,,,] 2791 --- [localhost-startStop-1] .s.DelegatingFilterProxyRegistrationBean : Mapping filter: 'springSecurityFilterChain' to: [/*]
2019-03-30 11:58:37.631  INFO [my-money-app,,,] 2791 --- [localhost-startStop-1] o.s.b.w.servlet.FilterRegistrationBean   : Mapping filter: 'httpTraceFilter' to: [/*]
2019-03-30 11:58:37.632  INFO [my-money-app,,,] 2791 --- [localhost-startStop-1] o.s.b.w.servlet.FilterRegistrationBean   : Mapping filter: 'corsConfig' to: [/*]
2019-03-30 11:58:37.632  INFO [my-money-app,,,] 2791 --- [localhost-startStop-1] o.s.b.w.servlet.ServletRegistrationBean  : Servlet dispatcherServlet mapped to [/]
2019-03-30 11:58:38.185  INFO [my-money-app,,,] 2791 --- [restartedMain] com.zaxxer.hikari.HikariDataSource       : HikariPool-1 - Starting...
2019-03-30 11:58:39.358  INFO [my-money-app,,,] 2791 --- [restartedMain] com.zaxxer.hikari.HikariDataSource       : HikariPool-1 - Start completed.
2019-03-30 11:58:39.619  INFO [my-money-app,,,] 2791 --- [restartedMain] j.LocalContainerEntityManagerFactoryBean : Building JPA container EntityManagerFactory for persistence unit 'default'
2019-03-30 11:58:39.763  INFO [my-money-app,,,] 2791 --- [restartedMain] o.hibernate.jpa.internal.util.LogHelper  : HHH000204: Processing PersistenceUnitInfo [
	name: default
	...]
2019-03-30 11:58:40.308  INFO [my-money-app,,,] 2791 --- [restartedMain] org.hibernate.Version                    : HHH000412: Hibernate Core {5.2.17.Final}
2019-03-30 11:58:40.313  INFO [my-money-app,,,] 2791 --- [restartedMain] org.hibernate.cfg.Environment            : HHH000206: hibernate.properties not found
2019-03-30 11:58:40.432  INFO [my-money-app,,,] 2791 --- [restartedMain] o.hibernate.annotations.common.Version   : HCANN000001: Hibernate Commons Annotations {5.0.1.Final}
2019-03-30 11:58:40.985  INFO [my-money-app,,,] 2791 --- [restartedMain] org.hibernate.dialect.Dialect            : HHH000400: Using dialect: org.hibernate.dialect.PostgreSQL95Dialect
2019-03-30 11:58:41.542  INFO [my-money-app,,,] 2791 --- [restartedMain] o.h.e.j.e.i.LobCreatorBuilderImpl        : HHH000421: Disabling contextual LOB creation as hibernate.jdbc.lob.non_contextual_creation is true
2019-03-30 11:58:41.546  INFO [my-money-app,,,] 2791 --- [restartedMain] org.hibernate.type.BasicTypeRegistry     : HHH000270: Type registration [java.util.UUID] overrides previous : org.hibernate.type.UUIDBinaryType@6634673f
2019-03-30 11:58:44.063  INFO [my-money-app,,,] 2791 --- [restartedMain] j.LocalContainerEntityManagerFactoryBean : Initialized JPA EntityManagerFactory for persistence unit 'default'
2019-03-30 11:58:49.121  INFO [my-money-app,,,] 2791 --- [restartedMain] s.w.s.m.m.a.RequestMappingHandlerMapping : Mapped "{[/register],methods=[POST]}" onto public org.springframework.http.HttpEntity com.mymoneyapp.backend.controller.OAuthController.save(com.mymoneyapp.backend.request.UserRequest)
2019-03-30 11:58:49.131  INFO [my-money-app,,,] 2791 --- [restartedMain] s.w.s.m.m.a.RequestMappingHandlerMapping : Mapped "{[/users],methods=[GET]}" onto public org.springframework.data.domain.Page<com.mymoneyapp.backend.response.UserResponse> com.mymoneyapp.backend.controller.UserController.findAll(com.mymoneyapp.backend.specification.UserSpecification,org.springframework.data.domain.Pageable)
2019-03-30 11:58:49.133  INFO [my-money-app,,,] 2791 --- [restartedMain] s.w.s.m.m.a.RequestMappingHandlerMapping : Mapped "{[/users/me],methods=[GET]}" onto public com.mymoneyapp.backend.domain.User com.mymoneyapp.backend.controller.UserController.principal(com.mymoneyapp.backend.domain.User)
2019-03-30 11:58:49.142  INFO [my-money-app,,,] 2791 --- [restartedMain] s.w.s.m.m.a.RequestMappingHandlerMapping : Mapped "{[/swagger-resources/configuration/ui]}" onto public org.springframework.http.ResponseEntity<springfox.documentation.swagger.web.UiConfiguration> springfox.documentation.swagger.web.ApiResourceController.uiConfiguration()
2019-03-30 11:58:49.145  INFO [my-money-app,,,] 2791 --- [restartedMain] s.w.s.m.m.a.RequestMappingHandlerMapping : Mapped "{[/swagger-resources]}" onto public org.springframework.http.ResponseEntity<java.util.List<springfox.documentation.swagger.web.SwaggerResource>> springfox.documentation.swagger.web.ApiResourceController.swaggerResources()
2019-03-30 11:58:49.147  INFO [my-money-app,,,] 2791 --- [restartedMain] s.w.s.m.m.a.RequestMappingHandlerMapping : Mapped "{[/swagger-resources/configuration/security]}" onto public org.springframework.http.ResponseEntity<springfox.documentation.swagger.web.SecurityConfiguration> springfox.documentation.swagger.web.ApiResourceController.securityConfiguration()
2019-03-30 11:58:49.158  INFO [my-money-app,,,] 2791 --- [restartedMain] s.w.s.m.m.a.RequestMappingHandlerMapping : Mapped "{[/error],produces=[text/html]}" onto public org.springframework.web.servlet.ModelAndView org.springframework.boot.autoconfigure.web.servlet.error.BasicErrorController.errorHtml(javax.servlet.http.HttpServletRequest,javax.servlet.http.HttpServletResponse)
2019-03-30 11:58:49.160  INFO [my-money-app,,,] 2791 --- [restartedMain] s.w.s.m.m.a.RequestMappingHandlerMapping : Mapped "{[/error]}" onto public org.springframework.http.ResponseEntity<java.util.Map<java.lang.String, java.lang.Object>> org.springframework.boot.autoconfigure.web.servlet.error.BasicErrorController.error(javax.servlet.http.HttpServletRequest)
2019-03-30 11:58:49.865  INFO [my-money-app,,,] 2791 --- [restartedMain] o.s.b.a.e.web.EndpointLinksResolver      : Exposing 2 endpoint(s) beneath base path '/actuator'
2019-03-30 11:58:49.906  INFO [my-money-app,,,] 2791 --- [restartedMain] s.b.a.e.w.s.WebMvcEndpointHandlerMapping : Mapped "{[/actuator/health],methods=[GET],produces=[application/vnd.spring-boot.actuator.v2+json || application/json]}" onto public java.lang.Object org.springframework.boot.actuate.endpoint.web.servlet.AbstractWebMvcEndpointHandlerMapping$OperationHandler.handle(javax.servlet.http.HttpServletRequest,java.util.Map<java.lang.String, java.lang.String>)
2019-03-30 11:58:49.909  INFO [my-money-app,,,] 2791 --- [restartedMain] s.b.a.e.w.s.WebMvcEndpointHandlerMapping : Mapped "{[/actuator/info],methods=[GET],produces=[application/vnd.spring-boot.actuator.v2+json || application/json]}" onto public java.lang.Object org.springframework.boot.actuate.endpoint.web.servlet.AbstractWebMvcEndpointHandlerMapping$OperationHandler.handle(javax.servlet.http.HttpServletRequest,java.util.Map<java.lang.String, java.lang.String>)
2019-03-30 11:58:49.912  INFO [my-money-app,,,] 2791 --- [restartedMain] s.b.a.e.w.s.WebMvcEndpointHandlerMapping : Mapped "{[/actuator],methods=[GET],produces=[application/vnd.spring-boot.actuator.v2+json || application/json]}" onto protected java.util.Map<java.lang.String, java.util.Map<java.lang.String, org.springframework.boot.actuate.endpoint.web.Link>> org.springframework.boot.actuate.endpoint.web.servlet.WebMvcEndpointHandlerMapping.links(javax.servlet.http.HttpServletRequest,javax.servlet.http.HttpServletResponse)
2019-03-30 11:58:51.421  INFO [my-money-app,,,] 2791 --- [restartedMain] o.s.s.web.DefaultSecurityFilterChain     : Creating filter chain: org.springframework.security.web.util.matcher.AnyRequestMatcher@1, [org.springframework.security.web.context.request.async.WebAsyncManagerIntegrationFilter@7270f4ce, org.springframework.security.web.context.SecurityContextPersistenceFilter@6bbabc37, org.springframework.security.web.header.HeaderWriterFilter@21d71eef, org.springframework.web.filter.CorsFilter@7f8aadcf, org.springframework.security.web.authentication.logout.LogoutFilter@7eda9251, org.springframework.security.web.authentication.UsernamePasswordAuthenticationFilter@351c49e8, com.mymoneyapp.backend.config.filter.AuthenticationFilter@5317f059, org.springframework.security.web.authentication.www.BasicAuthenticationFilter@15fed0ea, org.springframework.security.web.savedrequest.RequestCacheAwareFilter@7285bc1c, org.springframework.security.web.servletapi.SecurityContextHolderAwareRequestFilter@3be59c2f, org.springframework.security.web.authentication.AnonymousAuthenticationFilter@547b0252, org.springframework.security.web.session.SessionManagementFilter@7c58f3a9, org.springframework.security.web.access.ExceptionTranslationFilter@1948b888, org.springframework.security.web.access.intercept.FilterSecurityInterceptor@29a7484b]
2019-03-30 11:58:51.573  INFO [my-money-app,,,] 2791 --- [restartedMain] pertySourcedRequestMappingHandlerMapping : Mapped URL path [/v2/api-docs] onto method [public org.springframework.http.ResponseEntity<springfox.documentation.spring.web.json.Json> springfox.documentation.swagger2.web.Swagger2Controller.getDocumentation(java.lang.String,javax.servlet.http.HttpServletRequest)]
2019-03-30 11:58:51.792  WARN [my-money-app,,,] 2791 --- [restartedMain] c.n.c.sources.URLConfigurationSource     : No URLs will be polled as dynamic configuration sources.
2019-03-30 11:58:51.793  INFO [my-money-app,,,] 2791 --- [restartedMain] c.n.c.sources.URLConfigurationSource     : To enable URLs as dynamic configuration sources, define System property archaius.configurationSource.additionalUrls or make config.properties available on classpath.
2019-03-30 11:58:51.817  WARN [my-money-app,,,] 2791 --- [restartedMain] c.n.c.sources.URLConfigurationSource     : No URLs will be polled as dynamic configuration sources.
2019-03-30 11:58:51.818  INFO [my-money-app,,,] 2791 --- [restartedMain] c.n.c.sources.URLConfigurationSource     : To enable URLs as dynamic configuration sources, define System property archaius.configurationSource.additionalUrls or make config.properties available on classpath.
2019-03-30 11:58:52.266  INFO [my-money-app,,,] 2791 --- [restartedMain] o.s.w.s.handler.SimpleUrlHandlerMapping  : Mapped URL path [/**/favicon.ico] onto handler of type [class org.springframework.web.servlet.resource.ResourceHttpRequestHandler]
2019-03-30 11:58:52.580  INFO [my-money-app,,,] 2791 --- [restartedMain] s.w.s.m.m.a.RequestMappingHandlerAdapter : Looking for @ControllerAdvice: org.springframework.boot.web.servlet.context.AnnotationConfigServletWebServerApplicationContext@b522b2: startup date [Sat Mar 30 11:58:21 BRT 2019]; parent: org.springframework.context.annotation.AnnotationConfigApplicationContext@34599a26
2019-03-30 11:58:52.873  INFO [my-money-app,,,] 2791 --- [restartedMain] o.s.w.s.handler.SimpleUrlHandlerMapping  : Mapped URL path [/webjars/**] onto handler of type [class org.springframework.web.servlet.resource.ResourceHttpRequestHandler]
2019-03-30 11:58:52.874  INFO [my-money-app,,,] 2791 --- [restartedMain] o.s.w.s.handler.SimpleUrlHandlerMapping  : Mapped URL path [/**] onto handler of type [class org.springframework.web.servlet.resource.ResourceHttpRequestHandler]
2019-03-30 11:58:54.956  INFO [my-money-app,,,] 2791 --- [restartedMain] o.s.b.d.a.OptionalLiveReloadServer       : LiveReload server is running on port 35729
2019-03-30 11:58:55.955  INFO [my-money-app,,,] 2791 --- [restartedMain] o.s.aop.framework.CglibAopProxy          : Method [com.netflix.client.config.IClientConfig org.springframework.cloud.openfeign.ribbon.LoadBalancerFeignClient.getClientConfig(feign.Request$Options,java.lang.String)] is package-visible across different ClassLoaders and cannot get proxied via CGLIB: Declare this method as public or protected if you need to support invocations through the proxy.
2019-03-30 11:58:56.668  INFO [my-money-app,,,] 2791 --- [restartedMain] o.s.j.e.a.AnnotationMBeanExporter        : Registering beans for JMX exposure on startup
2019-03-30 11:58:56.675  INFO [my-money-app,,,] 2791 --- [restartedMain] o.s.j.e.a.AnnotationMBeanExporter        : Bean with name 'dataSource' has been autodetected for JMX exposure
2019-03-30 11:58:56.702  INFO [my-money-app,,,] 2791 --- [restartedMain] o.s.j.e.a.AnnotationMBeanExporter        : Bean with name 'environmentManager' has been autodetected for JMX exposure
2019-03-30 11:58:56.705  INFO [my-money-app,,,] 2791 --- [restartedMain] o.s.j.e.a.AnnotationMBeanExporter        : Bean with name 'refreshScope' has been autodetected for JMX exposure
2019-03-30 11:58:56.711  INFO [my-money-app,,,] 2791 --- [restartedMain] o.s.j.e.a.AnnotationMBeanExporter        : Bean with name 'configurationPropertiesRebinder' has been autodetected for JMX exposure
2019-03-30 11:58:56.725  INFO [my-money-app,,,] 2791 --- [restartedMain] o.s.j.e.a.AnnotationMBeanExporter        : Located managed bean 'environmentManager': registering with JMX server as MBean [org.springframework.cloud.context.environment:name=environmentManager,type=EnvironmentManager]
2019-03-30 11:58:56.762  INFO [my-money-app,,,] 2791 --- [restartedMain] o.s.j.e.a.AnnotationMBeanExporter        : Located managed bean 'refreshScope': registering with JMX server as MBean [org.springframework.cloud.context.scope.refresh:name=refreshScope,type=RefreshScope]
2019-03-30 11:58:56.819  INFO [my-money-app,,,] 2791 --- [restartedMain] o.s.j.e.a.AnnotationMBeanExporter        : Located managed bean 'configurationPropertiesRebinder': registering with JMX server as MBean [org.springframework.cloud.context.properties:name=configurationPropertiesRebinder,context=b522b2,type=ConfigurationPropertiesRebinder]
2019-03-30 11:58:56.853  INFO [my-money-app,,,] 2791 --- [restartedMain] o.s.j.e.a.AnnotationMBeanExporter        : Located MBean 'dataSource': registering with JMX server as MBean [com.zaxxer.hikari:name=dataSource,type=HikariDataSource]
2019-03-30 11:58:56.901  INFO [my-money-app,,,] 2791 --- [restartedMain] o.s.c.support.DefaultLifecycleProcessor  : Starting beans in phase 2147483647
2019-03-30 11:58:56.902  INFO [my-money-app,,,] 2791 --- [restartedMain] d.s.w.p.DocumentationPluginsBootstrapper : Context refreshed
2019-03-30 11:58:57.017  INFO [my-money-app,,,] 2791 --- [restartedMain] d.s.w.p.DocumentationPluginsBootstrapper : Found 1 custom documentation plugin(s)
2019-03-30 11:58:57.114  INFO [my-money-app,,,] 2791 --- [restartedMain] s.d.s.w.s.ApiListingReferenceScanner     : Scanning for api listing references
2019-03-30 11:58:58.047  INFO [my-money-app,,,] 2791 --- [restartedMain] o.s.b.w.embedded.tomcat.TomcatWebServer  : Tomcat started on port(s): 1800 (http) with context path ''
2019-03-30 11:58:58.061  INFO [my-money-app,,,] 2791 --- [restartedMain] com.mymoneyapp.backend.Application       : Started Application in 39.919 seconds (JVM running for 41.663)
2019-03-30 12:22:31.543  INFO [my-money-app,,,] 2791 --- [http-nio-1800-exec-1] o.a.c.c.C.[Tomcat].[localhost].[/]       : Initializing Spring FrameworkServlet 'dispatcherServlet'
2019-03-30 12:22:31.548  INFO [my-money-app,,,] 2791 --- [http-nio-1800-exec-1] o.s.web.servlet.DispatcherServlet        : FrameworkServlet 'dispatcherServlet': initialization started
2019-03-30 12:22:31.708  INFO [my-money-app,,,] 2791 --- [http-nio-1800-exec-1] o.s.web.servlet.DispatcherServlet        : FrameworkServlet 'dispatcherServlet': initialization completed in 159 ms
2019-03-30 12:22:33.416  INFO [my-money-app,c4fab339e089aa8e,c4fab339e089aa8e,false] 2791 --- [http-nio-1800-exec-1] c.m.backend.service.UserService          : C=UserService, M=save, T=UserRequest UserRequest(name=Victor, email=victor.ayres0@gmail.com, password=Xbox!123456789, confirmPassword=Xbox!123456789)
2019-03-30 12:22:33.735  INFO [my-money-app,c4fab339e089aa8e,c4fab339e089aa8e,false] 2791 --- [http-nio-1800-exec-1] c.m.backend.service.UserService          : C=UserService, M=persist, T=User User(id=null, name=Victor, email=victor.ayres0@gmail.com, username=victor.ayres0@gmail.com, password=$2a$10$nzQIFDb4dvo3MbPGAX4ibu0qHxitvAYZrIn6bFVQcLVLpW.MB6Byy, createdAt=null, enabled=true)
2019-03-30 12:22:34.316  INFO [my-money-app,6112c32862fe033f,6112c32862fe033f,false] 2791 --- [http-nio-1800-exec-2] c.m.backend.service.OAuthUserService     : C=OAuthUserService, M=loadUserByUsername, T=User victor.ayres0@gmail.com
2019-03-30 12:22:34.316  INFO [my-money-app,6112c32862fe033f,6112c32862fe033f,false] 2791 --- [http-nio-1800-exec-2] c.m.backend.service.UserService          : C=UserService, M=retrieveUserByEmail, T=Email victor.ayres0@gmail.com
2019-03-30 12:22:34.444  INFO [my-money-app,6112c32862fe033f,6112c32862fe033f,false] 2791 --- [http-nio-1800-exec-2] o.h.h.i.QueryTranslatorFactoryInitiator  : HHH000397: Using ASTQueryTranslatorFactory
2019-03-30 12:22:36.116  INFO [my-money-app,6112c32862fe033f,6112c32862fe033f,false] 2791 --- [http-nio-1800-exec-2] c.m.b.c.handler.LoginSuccessHandler      : C=LoginSuccessHandler, M=onAuthenticationSuccess, T=User victor.ayres0@gmail.com
2019-03-30 12:22:47.737  INFO [my-money-app,83332128ba56a4de,83332128ba56a4de,false] 2791 --- [http-nio-1800-exec-6] c.m.backend.service.OAuthUserService     : C=OAuthUserService, M=loadUserByUsername, T=User victor.ayres0@gmail.com
2019-03-30 12:22:47.737  INFO [my-money-app,83332128ba56a4de,83332128ba56a4de,false] 2791 --- [http-nio-1800-exec-6] c.m.backend.service.UserService          : C=UserService, M=retrieveUserByEmail, T=Email victor.ayres0@gmail.com
2019-03-30 12:22:47.981  INFO [my-money-app,83332128ba56a4de,83332128ba56a4de,false] 2791 --- [http-nio-1800-exec-6] c.m.b.c.handler.LoginSuccessHandler      : C=LoginSuccessHandler, M=onAuthenticationSuccess, T=User victor.ayres0@gmail.com
